<?xml version="1.0" encoding="UTF-8"?>
<!-- Generated by org.testng.reporters.JUnitReportReporter -->
<testsuite hostname="DESKTOP-L1NEMNE" failures="0" tests="2" name="MyPackage1.SecondTest" time="0.010" errors="0" timestamp="2020-01-16T04:42:12 PST" skipped="0">
  <testcase classname="MyPackage1.SecondTest" name="EnterDetails" time="0.007"/>
  <system-out/>
  <testcase classname="MyPackage1.SecondTest" name="EnterName" time="0.003"/>
  <system-out/>
</testsuite> <!-- MyPackage1.SecondTest -->
