<?xml version="1.0" encoding="UTF-8"?>
<!-- Generated by org.testng.reporters.JUnitReportReporter -->
<testsuite hostname="DESKTOP-L1NEMNE" failures="0" tests="2" name="MyPackage1.FirstTest" time="0.004" errors="0" timestamp="2020-01-14T22:11:11 PST" skipped="0">
  <testcase classname="MyPackage1.FirstTest" name="Login" time="0.000"/>
  <system-out/>
  <testcase classname="MyPackage1.FirstTest" name="BrowserLaunch" time="0.004"/>
  <system-out/>
</testsuite> <!-- MyPackage1.FirstTest -->
