<?xml version="1.0" encoding="UTF-8"?>
<!-- Generated by org.testng.reporters.JUnitReportReporter -->
<testsuite hostname="DESKTOP-L1NEMNE" failures="0" tests="2" name="MyPackage1.SecondTest" time="0.000" errors="0" timestamp="2020-01-14T22:11:11 PST" skipped="0">
  <testcase classname="MyPackage1.SecondTest" name="EnterName" time="0.000"/>
  <system-out/>
  <testcase classname="MyPackage1.SecondTest" name="EnterDetails" time="0.000"/>
  <system-out/>
</testsuite> <!-- MyPackage1.SecondTest -->
